[19:03:55] [main/INFO] (FabricLoader/GameProvider) Loading Minecraft 1.20.4 with Fabric Loader 0.15.3
[19:03:55] [main/INFO] (FabricLoader) Loading 56 mods:
	- fabric-api 0.91.1+1.20.4
	- fabric-api-base 0.4.34+f31bf88132
	- fabric-api-lookup-api-v1 1.6.44+9468a19d32
	- fabric-biome-api-v1 13.0.14+9468a19d32
	- fabric-block-api-v1 1.0.13+73761d2e32
	- fabric-block-view-api-v2 1.0.2+73761d2e32
	- fabric-blockrenderlayer-v1 1.1.44+f4b7e42432
	- fabric-client-tags-api-v1 1.1.5+86b1264532
	- fabric-command-api-v1 1.2.39+f71b366f32
	- fabric-command-api-v2 2.2.18+23e8616e32
	- fabric-commands-v0 0.2.56+df3654b332
	- fabric-containers-v0 0.1.80+df3654b332
	- fabric-content-registries-v0 5.0.8+9468a19d32
	- fabric-convention-tags-v1 1.5.8+9468a19d32
	- fabric-crash-report-info-v1 0.2.21+f4b7e42432
	- fabric-data-generation-api-v1 13.1.16+1b2a41bc32
	- fabric-dimensions-v1 2.1.59+a2e8758a32
	- fabric-entity-events-v1 1.5.26+9468a19d32
	- fabric-events-interaction-v0 0.6.13+9468a19d32
	- fabric-events-lifecycle-v0 0.2.70+df3654b332
	- fabric-game-rule-api-v1 1.0.44+6f7ba8f232
	- fabric-gametest-api-v1 1.2.18+9468a19d32
	- fabric-item-api-v1 2.1.33+9468a19d32
	- fabric-item-group-api-v1 4.0.19+f6e85ac232
	- fabric-key-binding-api-v1 1.0.39+f4b7e42432
	- fabric-keybindings-v0 0.2.37+df3654b332
	- fabric-lifecycle-events-v1 2.2.28+9468a19d32
	- fabric-loot-api-v2 2.1.3+6f9f09e032
	- fabric-message-api-v1 6.0.3+ebb1549632
	- fabric-mining-level-api-v1 2.1.58+f4b7e42432
	- fabric-model-loading-api-v1 1.0.6+9468a19d32
	- fabric-models-v0 0.4.5+9386d8a732
	- fabric-networking-api-v1 3.1.1+901470e432
	- fabric-object-builder-api-v1 13.0.6+a2e8758a32
	- fabric-particles-v1 1.1.5+f4b7e42432
	- fabric-recipe-api-v1 2.0.14+23e8616e32
	- fabric-registry-sync-v0 4.0.12+9468a19d32
	- fabric-renderer-api-v1 3.2.2+2034447c32
	- fabric-renderer-indigo 1.5.2+2034447c32
	- fabric-renderer-registries-v1 3.2.49+df3654b332
	- fabric-rendering-data-attachment-v1 0.3.40+73761d2e32
	- fabric-rendering-fluids-v1 3.0.31+f4b7e42432
	- fabric-rendering-v0 1.1.52+df3654b332
	- fabric-rendering-v1 3.0.11+9468a19d32
	- fabric-resource-conditions-api-v1 2.3.12+de5c6cca32
	- fabric-resource-loader-v0 0.11.14+f31bf88132
	- fabric-screen-api-v1 2.0.15+f6e85ac232
	- fabric-screen-handler-api-v1 1.3.49+9468a19d32
	- fabric-sound-api-v1 1.0.15+f4b7e42432
	- fabric-transfer-api-v1 4.0.5+aaf9c96932
	- fabric-transitive-access-wideners-v1 5.0.12+1b2a41bc32
	- fabricloader 0.15.3
	- java 17
	- lapis_tools 1.0
	- minecraft 1.20.4
	- mixinextras 0.3.2
[19:03:55] [main/INFO] (FabricLoader/Mixin) SpongePowered MIXIN Subsystem Version=0.8.5 Source=file:/home/apples/.gradle/caches/modules-2/files-2.1/net.fabricmc/sponge-mixin/0.12.5+mixin.0.8.5/8d31fb97c3e0cd7c8dad3441851c523bcfae6d8e/sponge-mixin-0.12.5+mixin.0.8.5.jar Service=Knot/Fabric Env=CLIENT
[19:03:55] [main/INFO] (FabricLoader/Mixin) Loaded Fabric development mappings for mixin remapper!
[19:03:55] [main/INFO] (FabricLoader/Mixin) Compatibility level set to JAVA_16
[19:03:55] [main/INFO] (FabricLoader/Mixin) Compatibility level set to JAVA_17
[19:03:57] [main/INFO] (FabricLoader/MixinExtras|Service) Initializing MixinExtras via com.llamalad7.mixinextras.service.MixinExtrasServiceImpl(version=0.3.2).
[19:04:01] [Datafixer Bootstrap/INFO] (Minecraft) 198 Datafixer optimizations took 174 milliseconds
[19:04:03] [Render thread/INFO] (Minecraft) Environment: Environment[sessionHost=https://sessionserver.mojang.com, servicesHost=https://api.minecraftservices.com, name=PROD]
[19:04:03] [Render thread/INFO] (Minecraft) Setting user: Player753
[19:04:03] [Render thread/INFO] (fabric-networking-api-v1) Force Packet Serialization is enabled to mimic remote connection on single player, this is the default behaviour on dev env. Add -Dfabric-api.networking.force-packet-serialization=false JVM arg to disable it.
[19:04:03] [Render thread/INFO] (Indigo) [Indigo] Registering Indigo renderer!
[19:04:04] [Download-2/ERROR] (Minecraft) Failed to fetch user properties
com.mojang.authlib.exceptions.InvalidCredentialsException: Status: 401
	at com.mojang.authlib.exceptions.MinecraftClientHttpException.toAuthenticationException(MinecraftClientHttpException.java:59) ~[authlib-6.0.52.jar:?]
	at com.mojang.authlib.yggdrasil.YggdrasilUserApiService.fetchProperties(YggdrasilUserApiService.java:150) ~[authlib-6.0.52.jar:?]
	at net.minecraft.client.MinecraftClient.method_55608(MinecraftClient.java:467) ~[minecraft-clientOnly-1f338b2c9f-1.20.4-net.fabricmc.yarn.1_20_4.1.20.4+build.3-v2.jar:?]
	at java.util.concurrent.CompletableFuture$AsyncSupply.run(CompletableFuture.java:1768) ~[?:?]
	at java.util.concurrent.ThreadPoolExecutor.runWorker(ThreadPoolExecutor.java:1136) ~[?:?]
	at java.util.concurrent.ThreadPoolExecutor$Worker.run(ThreadPoolExecutor.java:635) ~[?:?]
	at java.lang.Thread.run(Thread.java:840) ~[?:?]
Caused by: com.mojang.authlib.exceptions.MinecraftClientHttpException: Status: 401
	at com.mojang.authlib.minecraft.client.MinecraftClient.readInputStream(MinecraftClient.java:100) ~[authlib-6.0.52.jar:?]
	at com.mojang.authlib.minecraft.client.MinecraftClient.get(MinecraftClient.java:57) ~[authlib-6.0.52.jar:?]
	at com.mojang.authlib.yggdrasil.YggdrasilUserApiService.fetchProperties(YggdrasilUserApiService.java:121) ~[authlib-6.0.52.jar:?]
	... 5 more
[19:04:04] [Render thread/INFO] (Minecraft) Backend library: LWJGL version 3.3.2-snapshot
[19:04:05] [Render thread/INFO] (Minecraft) Reloading ResourceManager: vanilla, programmer_art (programmer_art), fabric (fabric-containers-v0, fabric-events-interaction-v0, fabric-object-builder-api-v1, fabric-data-generation-api-v1, fabric-api-base, fabric-resource-conditions-api-v1, fabric-api-lookup-api-v1, fabric-rendering-fluids-v1, fabric-networking-api-v1, fabric-block-api-v1, fabric-renderer-registries-v1, fabric-entity-events-v1, fabric-commands-v0, fabric-item-api-v1, fabric-rendering-data-attachment-v1, fabric-renderer-api-v1, fabric-command-api-v2, fabric-model-loading-api-v1, fabric-sound-api-v1, fabric-biome-api-v1, fabric-lifecycle-events-v1, fabric-api, fabric-block-view-api-v2, fabric-game-rule-api-v1, fabric-item-group-api-v1, fabricloader, fabric-convention-tags-v1, fabric-dimensions-v1, fabric-gametest-api-v1, fabric-rendering-v1, fabric-screen-handler-api-v1, fabric-message-api-v1, fabric-rendering-v0, fabric-recipe-api-v1, fabric-screen-api-v1, fabric-particles-v1, fabric-client-tags-api-v1, fabric-content-registries-v0, fabric-crash-report-info-v1, fabric-loot-api-v2, fabric-events-lifecycle-v0, fabric-renderer-indigo, fabric-command-api-v1, fabric-models-v0, lapis_tools, fabric-resource-loader-v0, fabric-mining-level-api-v1, fabric-transitive-access-wideners-v1, fabric-keybindings-v0, fabric-key-binding-api-v1, fabric-registry-sync-v0, fabric-transfer-api-v1, fabric-blockrenderlayer-v1)
[19:04:05] [Worker-Main-6/INFO] (Minecraft) Found unifont_all_no_pua-15.1.04.hex, loading
[19:04:07] [Render thread/WARN] (Minecraft) Missing sound for event: minecraft:item.goat_horn.play
[19:04:07] [Render thread/WARN] (Minecraft) Missing sound for event: minecraft:entity.goat.screaming.horn_break
[19:04:07] [Render thread/INFO] (Minecraft) OpenAL initialized on device EDIFIER V4 Analog Stereo
[19:04:07] [Render thread/INFO] (Minecraft) Sound engine started
[19:04:07] [Render thread/INFO] (Minecraft) Created: 1024x512x4 minecraft:textures/atlas/blocks.png-atlas
[19:04:07] [Render thread/INFO] (Minecraft) Created: 256x256x4 minecraft:textures/atlas/signs.png-atlas
[19:04:07] [Render thread/INFO] (Minecraft) Created: 512x512x4 minecraft:textures/atlas/banner_patterns.png-atlas
[19:04:07] [Render thread/INFO] (Minecraft) Created: 512x512x4 minecraft:textures/atlas/shield_patterns.png-atlas
[19:04:07] [Render thread/INFO] (Minecraft) Created: 1024x1024x4 minecraft:textures/atlas/armor_trims.png-atlas
[19:04:07] [Render thread/INFO] (Minecraft) Created: 128x64x4 minecraft:textures/atlas/decorated_pot.png-atlas
[19:04:07] [Render thread/INFO] (Minecraft) Created: 256x256x4 minecraft:textures/atlas/chest.png-atlas
[19:04:07] [Render thread/INFO] (Minecraft) Created: 512x256x4 minecraft:textures/atlas/beds.png-atlas
[19:04:07] [Render thread/INFO] (Minecraft) Created: 512x256x4 minecraft:textures/atlas/shulker_boxes.png-atlas
[19:04:07] [Render thread/WARN] (Minecraft) Shader rendertype_entity_translucent_emissive could not find sampler named Sampler2 in the specified shader program.
[19:04:07] [Render thread/INFO] (Minecraft) Created: 512x256x0 minecraft:textures/atlas/particles.png-atlas
[19:04:07] [Render thread/INFO] (Minecraft) Created: 256x256x0 minecraft:textures/atlas/paintings.png-atlas
[19:04:07] [Render thread/INFO] (Minecraft) Created: 128x128x0 minecraft:textures/atlas/mob_effects.png-atlas
[19:04:08] [Render thread/INFO] (Minecraft) Created: 1024x512x0 minecraft:textures/atlas/gui.png-atlas
[19:04:08] [IO-Worker-1/INFO] (Minecraft) Could not authorize you against Realms server: Invalid session id
[19:04:08] [IO-Worker-1/ERROR] (Minecraft) Couldn't connect to realms
net.minecraft.client.realms.exception.RealmsServiceException: Realms authentication error with message 'Invalid session id'
	at net.minecraft.client.realms.RealmsClient.execute(RealmsClient.java:447) ~[minecraft-clientOnly-1f338b2c9f-1.20.4-net.fabricmc.yarn.1_20_4.1.20.4+build.3-v2.jar:?]
	at net.minecraft.client.realms.RealmsClient.clientCompatible(RealmsClient.java:232) ~[minecraft-clientOnly-1f338b2c9f-1.20.4-net.fabricmc.yarn.1_20_4.1.20.4+build.3-v2.jar:?]
	at net.minecraft.client.realms.RealmsAvailability.method_52627(RealmsAvailability.java:45) ~[minecraft-clientOnly-1f338b2c9f-1.20.4-net.fabricmc.yarn.1_20_4.1.20.4+build.3-v2.jar:?]
	at java.util.concurrent.CompletableFuture$AsyncSupply.run(CompletableFuture.java:1768) ~[?:?]
	at java.util.concurrent.ThreadPoolExecutor.runWorker(ThreadPoolExecutor.java:1136) ~[?:?]
	at java.util.concurrent.ThreadPoolExecutor$Worker.run(ThreadPoolExecutor.java:635) ~[?:?]
	at java.lang.Thread.run(Thread.java:840) ~[?:?]
[19:04:14] [Render thread/INFO] (Minecraft) Loaded 7 recipes
[19:04:14] [Render thread/INFO] (Minecraft) Loaded 1271 advancements
[19:04:15] [Render thread/INFO] (BiomeModificationImpl) Applied 0 biome modifications to 0 of 64 new biomes in 1.194 ms
[19:04:15] [Server thread/INFO] (Minecraft) Starting integrated minecraft server version 1.20.4
[19:04:15] [Server thread/INFO] (Minecraft) Generating keypair
[19:04:17] [Server thread/INFO] (Minecraft) Preparing start region for dimension minecraft:overworld
[19:04:20] [Render thread/INFO] (Minecraft) Preparing spawn area: 0%
[19:04:20] [Render thread/INFO] (Minecraft) Preparing spawn area: 0%
[19:04:20] [Render thread/INFO] (Minecraft) Preparing spawn area: 0%
[19:04:20] [Render thread/INFO] (Minecraft) Preparing spawn area: 0%
[19:04:20] [Render thread/INFO] (Minecraft) Preparing spawn area: 0%
[19:04:20] [Render thread/INFO] (Minecraft) Preparing spawn area: 0%
[19:04:20] [Render thread/INFO] (Minecraft) Preparing spawn area: 0%
[19:04:20] [Render thread/INFO] (Minecraft) Preparing spawn area: 0%
[19:04:21] [Render thread/INFO] (Minecraft) Preparing spawn area: 33%
[19:04:21] [Render thread/INFO] (Minecraft) Time elapsed: 4379 ms
[19:04:21] [Server thread/INFO] (Minecraft) Changing view distance to 12, from 10
[19:04:21] [Server thread/INFO] (Minecraft) Changing simulation distance to 12, from 0
[19:04:22] [Server thread/INFO] (Minecraft) Player753[local:E:acea5285] logged in with entity id 132 at (-189.6582505138626, 76.67334824190841, -138.57606815146733)
[19:04:22] [Server thread/INFO] (Minecraft) Player753 joined the game
[19:04:22] [Render thread/INFO] (Minecraft) Loaded 2 advancements
[19:05:07] [Render thread/INFO] (Minecraft) [System] [CHAT] Saved screenshot as 2024-01-20_19.05.07.png
[19:05:38] [Render thread/INFO] (Minecraft) Loaded 4 advancements
[19:05:48] [Render thread/INFO] (Minecraft) [System] [CHAT] Saved screenshot as 2024-01-20_19.05.47.png
[19:05:49] [Server thread/INFO] (Minecraft) Player753 has made the advancement [Enchanter]
[19:05:49] [Render thread/INFO] (Minecraft) [System] [CHAT] Player753 has made the advancement [Enchanter]
[19:05:49] [Render thread/INFO] (Minecraft) Loaded 11 advancements
[19:06:23] [Render thread/INFO] (Minecraft) [System] [CHAT] Saved screenshot as 2024-01-20_19.06.23.png
[19:06:37] [Render thread/INFO] (Minecraft) [System] [CHAT] Player753 is not holding any item
[19:06:40] [Server thread/INFO] (Minecraft) [Player753: Applied enchantment Fire Aspect I to Player753's item]
[19:06:40] [Render thread/INFO] (Minecraft) [System] [CHAT] Applied enchantment Fire Aspect I to Player753's item
[19:06:45] [Render thread/INFO] (Minecraft) [System] [CHAT] Lapis Sword cannot support that enchantment
[19:06:52] [Server thread/INFO] (Minecraft) [Player753: Applied enchantment Fire Aspect II to Player753's item]
[19:06:52] [Render thread/INFO] (Minecraft) [System] [CHAT] Applied enchantment Fire Aspect II to Player753's item
[19:07:16] [Server thread/INFO] (Minecraft) Locating element minecraft:forest took 327 ms
[19:07:16] [Render thread/INFO] (Minecraft) [System] [CHAT] The nearest minecraft:forest is at [544, 113, -1104] (1246 blocks away)
[19:07:19] [Server thread/INFO] (Minecraft) [Player753: Teleported Player753 to 544.500000, 113.000000, -1103.500000]
[19:07:19] [Render thread/INFO] (Minecraft) [System] [CHAT] Teleported Player753 to 544.500000, 113.000000, -1103.500000
[19:07:47] [Server thread/INFO] (Minecraft) [Player753: Set own game mode to Survival Mode]
[19:07:47] [Render thread/INFO] (Minecraft) [System] [CHAT] Set own game mode to Survival Mode
[19:07:51] [Render thread/INFO] (Minecraft) [System] [CHAT] Saved screenshot as 2024-01-20_19.07.51.png
[19:07:52] [Render thread/INFO] (Minecraft) [System] [CHAT] Saved screenshot as 2024-01-20_19.07.52.png
[19:07:58] [Server thread/INFO] (Minecraft) Player753 has made the advancement [Monster Hunter]
[19:07:58] [Render thread/INFO] (Minecraft) [System] [CHAT] Player753 has made the advancement [Monster Hunter]
[19:07:58] [Render thread/INFO] (Minecraft) Loaded 42 advancements
[19:08:01] [Server thread/INFO] (Minecraft) Saving and pausing game...
[19:08:01] [Server thread/INFO] (Minecraft) Saving chunks for level 'ServerLevel[New World]'/minecraft:overworld
[19:08:01] [Server thread/INFO] (Minecraft) Saving chunks for level 'ServerLevel[New World]'/minecraft:the_end
[19:08:01] [Server thread/INFO] (Minecraft) Saving chunks for level 'ServerLevel[New World]'/minecraft:the_nether
[19:08:28] [Render thread/INFO] (Minecraft) Loaded 42 advancements
[19:08:34] [Render thread/INFO] (Minecraft) [System] [CHAT] Saved screenshot as 2024-01-20_19.08.34.png
[19:08:41] [Server thread/INFO] (Minecraft) [Player753: Set own game mode to Creative Mode]
[19:08:41] [Render thread/INFO] (Minecraft) [System] [CHAT] Set own game mode to Creative Mode
[19:09:27] [Server thread/INFO] (Minecraft) [Player753: Set own game mode to Adventure Mode]
[19:09:27] [Render thread/INFO] (Minecraft) [System] [CHAT] Set own game mode to Adventure Mode
[19:09:27] [Server thread/INFO] (Minecraft) [Player753: Set own game mode to Creative Mode]
[19:09:27] [Render thread/INFO] (Minecraft) [System] [CHAT] Set own game mode to Creative Mode
[19:09:29] [Server thread/INFO] (Minecraft) [Player753: Set own game mode to Spectator Mode]
[19:09:29] [Render thread/INFO] (Minecraft) [System] [CHAT] Set own game mode to Spectator Mode
[19:09:46] [Render thread/INFO] (Minecraft) Loaded 42 advancements
[19:09:54] [Server thread/INFO] (Minecraft) [Player753: Applied effect Night Vision to Player753]
[19:09:54] [Render thread/INFO] (Minecraft) [System] [CHAT] Applied effect Night Vision to Player753
[19:10:05] [Render thread/INFO] (Minecraft) Loaded 42 advancements
[19:10:20] [Render thread/INFO] (Minecraft) [System] [CHAT] Saved screenshot as 2024-01-20_19.10.20.png
[19:10:21] [Server thread/INFO] (Minecraft) [Player753: Set own game mode to Creative Mode]
[19:10:21] [Render thread/INFO] (Minecraft) [System] [CHAT] Set own game mode to Creative Mode
[19:10:46] [Server thread/INFO] (Minecraft) [Player753: Removed effect Night Vision from Player753]
[19:10:46] [Render thread/INFO] (Minecraft) [System] [CHAT] Removed effect Night Vision from Player753
[19:10:53] [Server thread/INFO] (Minecraft) [Player753: Gave 64 [Torch] to Player753]
[19:10:53] [Render thread/INFO] (Minecraft) [System] [CHAT] Gave 64 [Torch] to Player753
[19:11:15] [Server thread/INFO] (Minecraft) [Player753: Applied enchantment Efficiency II to Player753's item]
[19:11:15] [Render thread/INFO] (Minecraft) [System] [CHAT] Applied enchantment Efficiency II to Player753's item
[19:11:21] [Server thread/INFO] (Minecraft) Saving and pausing game...
[19:11:21] [Server thread/INFO] (Minecraft) Saving chunks for level 'ServerLevel[New World]'/minecraft:overworld
[19:11:21] [Server thread/INFO] (Minecraft) Saving chunks for level 'ServerLevel[New World]'/minecraft:the_end
[19:11:21] [Server thread/INFO] (Minecraft) Saving chunks for level 'ServerLevel[New World]'/minecraft:the_nether
[19:11:53] [Render thread/INFO] (Minecraft) Loaded 44 advancements
[19:12:21] [Server thread/INFO] (Minecraft) [Player753: Set own game mode to Spectator Mode]
[19:12:21] [Render thread/INFO] (Minecraft) [System] [CHAT] Set own game mode to Spectator Mode
[19:12:22] [Server thread/INFO] (Minecraft) [Player753: Set own game mode to Creative Mode]
[19:12:22] [Render thread/INFO] (Minecraft) [System] [CHAT] Set own game mode to Creative Mode
[19:12:25] [Server thread/INFO] (Minecraft) [Player753: Set own game mode to Survival Mode]
[19:12:25] [Render thread/INFO] (Minecraft) [System] [CHAT] Set own game mode to Survival Mode
[19:13:05] [Server thread/INFO] (Minecraft) [Player753: Gave 64 [Golden Carrot] to Player753]
[19:13:05] [Render thread/INFO] (Minecraft) [System] [CHAT] Gave 64 [Golden Carrot] to Player753
[19:13:08] [Render thread/INFO] (Minecraft) Loaded 61 advancements
[19:13:20] [Render thread/INFO] (Minecraft) [System] [CHAT] Saved screenshot as 2024-01-20_19.13.20.png
[19:13:46] [Server thread/INFO] (Minecraft) Saving and pausing game...
[19:13:46] [Server thread/INFO] (Minecraft) Saving chunks for level 'ServerLevel[New World]'/minecraft:overworld
[19:13:46] [Server thread/INFO] (Minecraft) Saving chunks for level 'ServerLevel[New World]'/minecraft:the_end
[19:13:46] [Server thread/INFO] (Minecraft) Saving chunks for level 'ServerLevel[New World]'/minecraft:the_nether
[19:13:46] [Server thread/INFO] (Minecraft) Player753 lost connection: Disconnected
[19:13:46] [Server thread/INFO] (Minecraft) Player753 left the game
[19:13:46] [Server thread/INFO] (Minecraft) Stopping singleplayer server as player logged out
[19:13:46] [Server thread/INFO] (Minecraft) Stopping server
[19:13:46] [Server thread/INFO] (Minecraft) Saving players
[19:13:46] [Server thread/INFO] (Minecraft) Saving worlds
[19:13:47] [Server thread/INFO] (Minecraft) Saving chunks for level 'ServerLevel[New World]'/minecraft:overworld
[19:13:47] [Server thread/INFO] (Minecraft) Saving chunks for level 'ServerLevel[New World]'/minecraft:the_end
[19:13:47] [Server thread/INFO] (Minecraft) Saving chunks for level 'ServerLevel[New World]'/minecraft:the_nether
[19:13:47] [Server thread/INFO] (Minecraft) ThreadedAnvilChunkStorage (New World): All chunks are saved
[19:13:47] [Server thread/INFO] (Minecraft) ThreadedAnvilChunkStorage (DIM1): All chunks are saved
[19:13:47] [Server thread/INFO] (Minecraft) ThreadedAnvilChunkStorage (DIM-1): All chunks are saved
[19:13:47] [Server thread/INFO] (Minecraft) ThreadedAnvilChunkStorage: All dimensions are saved
[19:13:48] [Render thread/INFO] (Minecraft) Stopping!
